

***********************************************************************
Fatal NI connect error 12560, connecting to:
 (DESCRIPTION=(ADDRESS=(PROTOCOL=TCP)(HOST=apipucos2.recife)(PORT=1521))(CONNECT_DATA=(SID=dborpedu)(SERVICE_NAME=dborpedu)(CID=(PROGRAM=httpd)(HOST=varzea.recife)(USER=apache))))

  VERSION INFORMATION:
	TNS for Linux: Version 10.2.0.3.0 - Production
	TCP/IP NT Protocol Adapter for Linux: Version 10.2.0.3.0 - Production
  Time: 18-OCT-2018 07:25:48
  Tracing not turned on.
  Tns error struct:
    ns main err code: 12560
    TNS-12560: Message 12560 not found; No message file for product=network, facility=TNS
    ns secondary err code: 0
    nt main err code: 530
    TNS-00530: Message 530 not found; No message file for product=network, facility=TNS
    nt secondary err code: 113
    nt OS err code: 0


***********************************************************************
Fatal NI connect error 12560, connecting to:
 (DESCRIPTION=(ADDRESS=(PROTOCOL=TCP)(HOST=apipucos2.recife)(PORT=1521))(CONNECT_DATA=(SID=dborpedu)(SERVICE_NAME=dborpedu)(CID=(PROGRAM=httpd)(HOST=varzea.recife)(USER=apache))))

  VERSION INFORMATION:
	TNS for Linux: Version 10.2.0.3.0 - Production
	TCP/IP NT Protocol Adapter for Linux: Version 10.2.0.3.0 - Production
  Time: 18-OCT-2018 08:32:20
  Tracing not turned on.
  Tns error struct:
    ns main err code: 12560
    TNS-12560: Message 12560 not found; No message file for product=network, facility=TNS
    ns secondary err code: 0
    nt main err code: 530
    TNS-00530: Message 530 not found; No message file for product=network, facility=TNS
    nt secondary err code: 113
    nt OS err code: 0


***********************************************************************
Fatal NI connect error 12560, connecting to:
 (DESCRIPTION=(ADDRESS=(PROTOCOL=TCP)(HOST=apipucos2.recife)(PORT=1521))(CONNECT_DATA=(SID=dborpedu)(SERVICE_NAME=dborpedu)(CID=(PROGRAM=httpd)(HOST=varzea.recife)(USER=apache))))

  VERSION INFORMATION:
	TNS for Linux: Version 10.2.0.3.0 - Production
	TCP/IP NT Protocol Adapter for Linux: Version 10.2.0.3.0 - Production
  Time: 18-OCT-2018 08:37:47
  Tracing not turned on.
  Tns error struct:
    ns main err code: 12560
    TNS-12560: Message 12560 not found; No message file for product=network, facility=TNS
    ns secondary err code: 0
    nt main err code: 530
    TNS-00530: Message 530 not found; No message file for product=network, facility=TNS
    nt secondary err code: 113
    nt OS err code: 0


***********************************************************************
Fatal NI connect error 12560, connecting to:
 (DESCRIPTION=(ADDRESS=(PROTOCOL=TCP)(HOST=apipucos2.recife)(PORT=1521))(CONNECT_DATA=(SID=dborpedu)(SERVICE_NAME=dborpedu)(CID=(PROGRAM=httpd)(HOST=varzea.recife)(USER=apache))))

  VERSION INFORMATION:
	TNS for Linux: Version 10.2.0.3.0 - Production
	TCP/IP NT Protocol Adapter for Linux: Version 10.2.0.3.0 - Production
  Time: 18-OCT-2018 08:45:57
  Tracing not turned on.
  Tns error struct:
    ns main err code: 12560
    TNS-12560: Message 12560 not found; No message file for product=network, facility=TNS
    ns secondary err code: 0
    nt main err code: 530
    TNS-00530: Message 530 not found; No message file for product=network, facility=TNS
    nt secondary err code: 113


***********************************************************************
Fatal NI connect error 12560, connecting to:
 (DESCRIPTION=(ADDRESS=(PROTOCOL=TCP)(HOST=apipucos2.recife)(PORT=1521))(CONNECT_DATA=(SID=dborpedu)(SERVICE_NAME=dborpedu)(CID=(PROGRAM=httpd)(HOST=varzea.recife)(USER=apache))))

  VERSION INFORMATION:
	TNS for Linux: Version 10.2.0.3.0 - Production
	TCP/IP NT Protocol Adapter for Linux: Version 10.2.0.3.0 - Production
  Time: 18-OCT-2018 08:48:32
  Tracing not turned on.
  Tns error struct:
    ns main err code: 12560
    TNS-12560: Message 12560 not found; No message file for product=network, facility=TNS
    ns secondary err code: 0
    nt main err code: 530
    TNS-00530: Message 530 not found; No message file for product=network, facility=TNS
    nt secondary err code: 113
    nt OS err code: 0


***********************************************************************
Fatal NI connect error 12541, connecting to:
 (DESCRIPTION=(ADDRESS=(PROTOCOL=TCP)(HOST=apipucos2.recife)(PORT=1521))(CONNECT_DATA=(SID=dborpedu)(SERVICE_NAME=dborpedu)(CID=(PROGRAM=httpd)(HOST=varzea.recife)(USER=apache))))

  VERSION INFORMATION:
	TNS for Linux: Version 10.2.0.3.0 - Production
	TCP/IP NT Protocol Adapter for Linux: Version 10.2.0.3.0 - Production
  Time: 18-OCT-2018 08:53:32
  Tracing not turned on.
  Tns error struct:
    ns main err code: 12541
    TNS-12541: Message 12541 not found; No message file for product=network, facility=TNS
    ns secondary err code: 12560
    nt main err code: 511
    TNS-00511: Message 511 not found; No message file for product=network, facility=TNS
    nt secondary err code: 111
    nt OS err code: 0


***********************************************************************
Fatal NI connect error 12541, connecting to:
 (DESCRIPTION=(ADDRESS=(PROTOCOL=TCP)(HOST=apipucos2.recife)(PORT=1521))(CONNECT_DATA=(SID=dborpedu)(SERVICE_NAME=dborpedu)(CID=(PROGRAM=httpd)(HOST=varzea.recife)(USER=apache))))

  VERSION INFORMATION:
	TNS for Linux: Version 10.2.0.3.0 - Production
	TCP/IP NT Protocol Adapter for Linux: Version 10.2.0.3.0 - Production
  Time: 18-OCT-2018 08:54:44
  Tracing not turned on.
  Tns error struct:
    ns main err code: 12541
    TNS-12541: Message 12541 not found; No message file for product=network, facility=TNS
    ns secondary err code: 12560
    nt main err code: 511
    TNS-00511: Message 511 not found; No message file for product=network, facility=TNS
    nt secondary err code: 111
    nt OS err code: 0
    nt OS err code: 0


***********************************************************************
Fatal NI connect error 12560, connecting to:
 (DESCRIPTION=(ADDRESS=(PROTOCOL=TCP)(HOST=apipucos2.recife)(PORT=1521))(CONNECT_DATA=(SID=dborpedu)(SERVICE_NAME=dborpedu)(CID=(PROGRAM=httpd)(HOST=varzea.recife)(USER=apache))))

  VERSION INFORMATION:
	TNS for Linux: Version 10.2.0.3.0 - Production
	TCP/IP NT Protocol Adapter for Linux: Version 10.2.0.3.0 - Production
  Time: 18-OCT-2018 10:41:03
  Tracing not turned on.
  Tns error struct:
    ns main err code: 12560
    TNS-12560: Message 12560 not found; No message file for product=network, facility=TNS
    ns secondary err code: 0
    nt main err code: 530
    TNS-00530: Message 530 not found; No message file for product=network, facility=TNS
    nt secondary err code: 113
    nt OS err code: 0


***********************************************************************
Fatal NI connect error 12560, connecting to:
 (DESCRIPTION=(ADDRESS=(PROTOCOL=TCP)(HOST=apipucos2.recife)(PORT=1521))(CONNECT_DATA=(SID=dborpedu)(SERVICE_NAME=dborpedu)(CID=(PROGRAM=httpd)(HOST=varzea.recife)(USER=apache))))

  VERSION INFORMATION:
	TNS for Linux: Version 10.2.0.3.0 - Production
	TCP/IP NT Protocol Adapter for Linux: Version 10.2.0.3.0 - Production
  Time: 18-OCT-2018 10:54:44
  Tracing not turned on.
  Tns error struct:
    ns main err code: 12560
    TNS-12560: Message 12560 not found; No message file for product=network, facility=TNS
    ns secondary err code: 0
    nt main err code: 530
    TNS-00530: Message 530 not found; No message file for product=network, facility=TNS
    nt secondary err code: 113
    nt OS err code: 0


***********************************************************************
Fatal NI connect error 12560, connecting to:
 (DESCRIPTION=(ADDRESS=(PROTOCOL=TCP)(HOST=apipucos2.recife)(PORT=1521))(CONNECT_DATA=(SID=dborpedu)(SERVICE_NAME=dborpedu)(CID=(PROGRAM=httpd)(HOST=varzea.recife)(USER=apache))))

  VERSION INFORMATION:
	TNS for Linux: Version 10.2.0.3.0 - Production
	TCP/IP NT Protocol Adapter for Linux: Version 10.2.0.3.0 - Production
  Time: 18-OCT-2018 10:59:51
  Tracing not turned on.
  Tns error struct:
    ns main err code: 12560
    TNS-12560: Message 12560 not found; No message file for product=network, facility=TNS
    ns secondary err code: 0
    nt main err code: 530
    TNS-00530: Message 530 not found; No message file for product=network, facility=TNS
    nt secondary err code: 113
    nt OS err code: 0


***********************************************************************
Fatal NI connect error 12560, connecting to:
 (DESCRIPTION=(ADDRESS=(PROTOCOL=TCP)(HOST=apipucos2.recife)(PORT=1521))(CONNECT_DATA=(SID=dborpedu)(SERVICE_NAME=dborpedu)(CID=(PROGRAM=httpd)(HOST=varzea.recife)(USER=apache))))

  VERSION INFORMATION:
	TNS for Linux: Version 10.2.0.3.0 - Production
	TCP/IP NT Protocol Adapter for Linux: Version 10.2.0.3.0 - Production
  Time: 18-OCT-2018 11:09:57
  Tracing not turned on.
  Tns error struct:
    ns main err code: 12560
    TNS-12560: Message 12560 not found; No message file for product=network, facility=TNS
    ns secondary err code: 0
    nt main err code: 530
    TNS-00530: Message 530 not found; No message file for product=network, facility=TNS
    nt secondary err code: 113
    nt OS err code: 0


***********************************************************************
Fatal NI connect error 12560, connecting to:
 (DESCRIPTION=(ADDRESS=(PROTOCOL=TCP)(HOST=apipucos2.recife)(PORT=1521))(CONNECT_DATA=(SID=dborpedu)(SERVICE_NAME=dborpedu)(CID=(PROGRAM=httpd)(HOST=varzea.recife)(USER=apache))))

  VERSION INFORMATION:
	TNS for Linux: Version 10.2.0.3.0 - Production
	TCP/IP NT Protocol Adapter for Linux: Version 10.2.0.3.0 - Production
  Time: 18-OCT-2018 11:11:29
  Tracing not turned on.
  Tns error struct:
    ns main err code: 12560
    TNS-12560: Message 12560 not found; No message file for product=network, facility=TNS
    ns secondary err code: 0
    nt main err code: 530
    TNS-00530: Message 530 not found; No message file for product=network, facility=TNS
    nt secondary err code: 113
    nt OS err code: 0


***********************************************************************
Fatal NI connect error 12560, connecting to:
 (DESCRIPTION=(ADDRESS=(PROTOCOL=TCP)(HOST=apipucos2.recife)(PORT=1521))(CONNECT_DATA=(SID=dborpedu)(SERVICE_NAME=dborpedu)(CID=(PROGRAM=httpd)(HOST=varzea.recife)(USER=apache))))

  VERSION INFORMATION:
	TNS for Linux: Version 10.2.0.3.0 - Production
	TCP/IP NT Protocol Adapter for Linux: Version 10.2.0.3.0 - Production
  Time: 18-OCT-2018 11:16:03
  Tracing not turned on.
  Tns error struct:
    ns main err code: 12560
    TNS-12560: Message 12560 not found; No message file for product=network, facility=TNS
    ns secondary err code: 0
    nt main err code: 530
    TNS-00530: Message 530 not found; No message file for product=network, facility=TNS
    nt secondary err code: 113


***********************************************************************
Fatal NI connect error 12560, connecting to:
 (DESCRIPTION=(ADDRESS=(PROTOCOL=TCP)(HOST=apipucos2.recife)(PORT=1521))(CONNECT_DATA=(SID=dborpedu)(SERVICE_NAME=dborpedu)(CID=(PROGRAM=httpd)(HOST=varzea.recife)(USER=apache))))

  VERSION INFORMATION:
	TNS for Linux: Version 10.2.0.3.0 - Production
	TCP/IP NT Protocol Adapter for Linux: Version 10.2.0.3.0 - Production
  Time: 18-OCT-2018 11:32:18
  Tracing not turned on.
  Tns error struct:
    ns main err code: 12560
    TNS-12560: Message 12560 not found; No message file for product=network, facility=TNS
    ns secondary err code: 0
    nt main err code: 530
    TNS-00530: Message 530 not found; No message file for product=network, facility=TNS
    nt secondary err code: 113
    nt OS err code: 0


***********************************************************************
Fatal NI connect error 12560, connecting to:
 (DESCRIPTION=(ADDRESS=(PROTOCOL=TCP)(HOST=apipucos2.recife)(PORT=1521))(CONNECT_DATA=(SID=dborpedu)(SERVICE_NAME=dborpedu)(CID=(PROGRAM=httpd)(HOST=varzea.recife)(USER=apache))))

  VERSION INFORMATION:
	TNS for Linux: Version 10.2.0.3.0 - Production
	TCP/IP NT Protocol Adapter for Linux: Version 10.2.0.3.0 - Production
  Time: 18-OCT-2018 11:44:59
  Tracing not turned on.
  Tns error struct:
    ns main err code: 12560
    TNS-12560: Message 12560 not found; No message file for product=network, facility=TNS
    ns secondary err code: 0
    nt main err code: 530
    TNS-00530: Message 530 not found; No message file for product=network, facility=TNS
    nt secondary err code: 113


***********************************************************************
Fatal NI connect error 12560, connecting to:
 (DESCRIPTION=(ADDRESS=(PROTOCOL=TCP)(HOST=apipucos2.recife)(PORT=1521))(CONNECT_DATA=(SID=dborpedu)(SERVICE_NAME=dborpedu)(CID=(PROGRAM=httpd)(HOST=varzea.recife)(USER=apache))))

  VERSION INFORMATION:
	TNS for Linux: Version 10.2.0.3.0 - Production
	TCP/IP NT Protocol Adapter for Linux: Version 10.2.0.3.0 - Production
  Time: 18-OCT-2018 11:45:17
  Tracing not turned on.
  Tns error struct:
    ns main err code: 12560
    TNS-12560: Message 12560 not found; No message file for product=network, facility=TNS
    ns secondary err code: 0
    nt main err code: 530
    TNS-00530: Message 530 not found; No message file for product=network, facility=TNS
    nt secondary err code: 113
    nt OS err code: 0
    nt OS err code: 0


***********************************************************************
Fatal NI connect error 12560, connecting to:
 (DESCRIPTION=(ADDRESS=(PROTOCOL=TCP)(HOST=apipucos2.recife)(PORT=1521))(CONNECT_DATA=(SID=dborpedu)(SERVICE_NAME=dborpedu)(CID=(PROGRAM=httpd)(HOST=varzea.recife)(USER=apache))))

  VERSION INFORMATION:
	TNS for Linux: Version 10.2.0.3.0 - Production
	TCP/IP NT Protocol Adapter for Linux: Version 10.2.0.3.0 - Production
  Time: 18-OCT-2018 11:47:14
  Tracing not turned on.
  Tns error struct:
    ns main err code: 12560
    TNS-12560: Message 12560 not found; No message file for product=network, facility=TNS
    ns secondary err code: 0
    nt main err code: 530
    TNS-00530: Message 530 not found; No message file for product=network, facility=TNS
    nt secondary err code: 113
    nt OS err code: 0
    nt OS err code: 0


***********************************************************************
Fatal NI connect error 12560, connecting to:
 (DESCRIPTION=(ADDRESS=(PROTOCOL=TCP)(HOST=apipucos2.recife)(PORT=1521))(CONNECT_DATA=(SID=dborpedu)(SERVICE_NAME=dborpedu)(CID=(PROGRAM=httpd)(HOST=varzea.recife)(USER=apache))))

  VERSION INFORMATION:
	TNS for Linux: Version 10.2.0.3.0 - Production
	TCP/IP NT Protocol Adapter for Linux: Version 10.2.0.3.0 - Production
  Time: 18-OCT-2018 12:34:16
  Tracing not turned on.
  Tns error struct:
    ns main err code: 12560
    TNS-12560: Message 12560 not found; No message file for product=network, facility=TNS
    ns secondary err code: 0
    nt main err code: 530
    TNS-00530: Message 530 not found; No message file for product=network, facility=TNS
    nt secondary err code: 113
    nt OS err code: 0
